#
# A fatal error has been detected by the Java Runtime Environment:
#
#  EXCEPTION_ACCESS_VIOLATION (0xc0000005) at pc=0x000000006ab94b9b, pid=7556, tid=5300
#
# JRE version: Java(TM) SE Runtime Environment (7.0_80-b15) (build 1.7.0_80-b15)
# Java VM: Java HotSpot(TM) 64-Bit Server VM (24.80-b11 mixed mode windows-amd64 compressed oops)
# Problematic frame:
# V  [jvm.dll+0x144b9b]
#
# Failed to write core dump. Minidumps are not enabled by default on client versions of Windows
#
# If you would like to submit a bug report, please visit:
#   http://bugreport.java.com/bugreport/crash.jsp
#

---------------  T H R E A D  ---------------

Current thread (0x000000000bd44800):  JavaThread "JDWP Transport Listener: dt_socket" daemon [_thread_in_vm, id=5300, stack(0x000000000c620000,0x000000000c720000)]

siginfo: ExceptionCode=0xc0000005, reading address 0x000000000056293b

Registers:
RAX=0x000000000c71f601, RBX=0x000000000bd44800, RCX=0x000000000056293b, RDX=0x0000000000000000
RSP=0x000000000c71f630, RBP=0x000000000056293b, RSI=0x000000000c71f748, RDI=0x00000000002a93a0
R8 =0x000000000bd44800, R9 =0x0000000000000700, R10=0x0000000000000000, R11=0x000013420053000e
R12=0x0000000000000000, R13=0x000000000a6db588, R14=0x0000000000000000, R15=0x0000000000000000
RIP=0x000000006ab94b9b, EFLAGS=0x0000000000010202

Top of Stack: (sp=0x000000000c71f630)
0x000000000c71f630:   000000000bd44800 000000000000000a
0x000000000c71f640:   000000000c71f6f8 000000006ad377d9
0x000000000c71f650:   000000000bd44800 000000006ad55382
0x000000000c71f660:   0000000000000000 000000006d868e8d
0x000000000c71f670:   000000000bd578d0 000000006d872666
0x000000000c71f680:   000000000bd44800 0000000000000000
0x000000000c71f690:   0000000000000000 0000000000000000
0x000000000c71f6a0:   000000000056293b 000000006d87175d
0x000000000c71f6b0:   000000000c71f748 000000000c71f720
0x000000000c71f6c0:   0000000000000001 000000000bd578d0
0x000000000c71f6d0:   000000000056293b 000000006d8553b3
0x000000000c71f6e0:   000000000c71f810 0000000000000001
0x000000000c71f6f0:   0000000000000001 000000000bd578d0
0x000000000c71f700:   000000000000000a 0000000000000000
0x000000000c71f710:   0000000000000000 0000000000000000
0x000000000c71f720:   0000000000000001 000000006d855571 

Instructions: (pc=0x000000006ab94b9b)
0x000000006ab94b7b:   48 8b 5c 24 30 48 89 47 18 48 83 c4 20 5f c3 cc
0x000000006ab94b8b:   cc cc cc cc cc 40 53 48 83 ec 20 48 85 c9 74 54
0x000000006ab94b9b:   48 8b 19 48 85 db 74 4c 48 b8 fe fe fe fe fe fe
0x000000006ab94bab:   fe fe 48 3b d8 74 3d 80 3d 57 56 61 00 00 74 15 


Register to memory mapping:

RAX=0x000000000c71f601 is pointing into the stack for thread: 0x000000000bd44800
RBX=0x000000000bd44800 is a thread
RCX=0x000000000056293b is an unknown value
RDX=0x0000000000000000 is an unknown value
RSP=0x000000000c71f630 is pointing into the stack for thread: 0x000000000bd44800
RBP=0x000000000056293b is an unknown value
RSI=0x000000000c71f748 is pointing into the stack for thread: 0x000000000bd44800
RDI=0x00000000002a93a0 is an unknown value
R8 =0x000000000bd44800 is a thread
R9 =0x0000000000000700 is an unknown value
R10=0x0000000000000000 is an unknown value
R11=0x000013420053000e is an unknown value
R12=0x0000000000000000 is an unknown value
R13=0x000000000a6db588 is an unknown value
R14=0x0000000000000000 is an unknown value
R15=0x0000000000000000 is an unknown value


Stack: [0x000000000c620000,0x000000000c720000],  sp=0x000000000c71f630,  free space=1021k
Native frames: (J=compiled Java code, j=interpreted, Vv=VM code, C=native code)
V  [jvm.dll+0x144b9b]


---------------  P R O C E S S  ---------------

Java Threads: ( => current thread )
  0x000000000bd70000 JavaThread "Service Thread" daemon [_thread_blocked, id=3276, stack(0x000000000cc50000,0x000000000cd50000)]
  0x000000000bd65800 JavaThread "C2 CompilerThread1" daemon [_thread_blocked, id=5532, stack(0x000000000ca50000,0x000000000cb50000)]
  0x000000000bd61800 JavaThread "C2 CompilerThread0" daemon [_thread_blocked, id=6928, stack(0x000000000c460000,0x000000000c560000)]
  0x000000000bd52800 JavaThread "JDWP Command Reader" daemon [_thread_in_native, id=8180, stack(0x000000000c930000,0x000000000ca30000)]
  0x000000000bd51800 JavaThread "JDWP Event Helper Thread" daemon [_thread_blocked, id=7576, stack(0x000000000c800000,0x000000000c900000)]
=>0x000000000bd44800 JavaThread "JDWP Transport Listener: dt_socket" daemon [_thread_in_vm, id=5300, stack(0x000000000c620000,0x000000000c720000)]
  0x000000000a6df000 JavaThread "Attach Listener" daemon [_thread_blocked, id=4636, stack(0x000000000bc40000,0x000000000bd40000)]
  0x000000000a6d9800 JavaThread "Signal Dispatcher" daemon [_thread_blocked, id=8152, stack(0x000000000bad0000,0x000000000bbd0000)]
  0x000000000a665800 JavaThread "Finalizer" daemon [_thread_blocked, id=7772, stack(0x000000000b620000,0x000000000b720000)]
  0x000000000a65e000 JavaThread "Reference Handler" daemon [_thread_blocked, id=5440, stack(0x000000000b870000,0x000000000b970000)]
  0x00000000022c8000 JavaThread "main" [_thread_blocked, id=4076, stack(0x0000000002480000,0x0000000002580000)]

Other Threads:
  0x000000000a65a800 VMThread [stack: 0x000000000b740000,0x000000000b840000] [id=7004]
  0x000000000bd82000 WatcherThread [stack: 0x000000000ce00000,0x000000000cf00000] [id=3996]

VM state:not at safepoint (normal execution)

VM Mutex/Monitor currently owned by a thread: None

Heap
 PSYoungGen      total 35840K, used 2457K [0x00000000d8480000, 0x00000000dac80000, 0x0000000100000000)
  eden space 30720K, 8% used [0x00000000d8480000,0x00000000d86e67f0,0x00000000da280000)
  from space 5120K, 0% used [0x00000000da780000,0x00000000da780000,0x00000000dac80000)
  to   space 5120K, 0% used [0x00000000da280000,0x00000000da280000,0x00000000da780000)
 ParOldGen       total 80896K, used 0K [0x0000000088e00000, 0x000000008dd00000, 0x00000000d8480000)
  object space 80896K, 0% used [0x0000000088e00000,0x0000000088e00000,0x000000008dd00000)
 PSPermGen       total 21504K, used 2750K [0x0000000083c00000, 0x0000000085100000, 0x0000000088e00000)
  object space 21504K, 12% used [0x0000000083c00000,0x0000000083eaf9a0,0x0000000085100000)

Card table byte_map: [0x0000000005580000,0x0000000005970000] byte_map_base: 0x0000000005162000

Polling page: 0x0000000000120000

Code Cache  [0x0000000002580000, 0x00000000027f0000, 0x0000000005580000)
 total_blobs=180 nmethods=1 adapters=140 free_code_cache=48768Kb largest_free_block=49918208

Compilation events (2 events):
Event: 0.291 Thread 0x000000000bd61800    1             java.lang.String::charAt (29 bytes)
Event: 0.298 Thread 0x000000000bd61800 nmethod 1 0x00000000025dff10 code [0x00000000025e0060, 0x00000000025e0138]

GC Heap History (0 events):
No events

Deoptimization events (0 events):
No events

Internal exceptions (10 events):
Event: 0.033 Thread 0x00000000022c8000 Threw 0x00000000d848f688 at C:\re\jdk7u80\2329\hotspot\src\share\vm\prims\jni.cpp:3991
Event: 0.269 Thread 0x00000000022c8000 Threw 0x00000000d8518bb8 at C:\re\jdk7u80\2329\hotspot\src\share\vm\prims\jvm.cpp:1319
Event: 0.282 Thread 0x00000000022c8000 Threw 0x00000000d8651208 at C:\re\jdk7u80\2329\hotspot\src\share\vm\prims\jvm.cpp:1319
Event: 0.284 Thread 0x00000000022c8000 Threw 0x00000000d86539c8 at C:\re\jdk7u80\2329\hotspot\src\share\vm\prims\jvm.cpp:1319
Event: 0.286 Thread 0x00000000022c8000 Threw 0x00000000d8657f48 at C:\re\jdk7u80\2329\hotspot\src\share\vm\prims\jvm.cpp:1319
Event: 0.287 Thread 0x00000000022c8000 Threw 0x00000000d865e598 at C:\re\jdk7u80\2329\hotspot\src\share\vm\prims\jvm.cpp:1319
Event: 0.288 Thread 0x00000000022c8000 Threw 0x00000000d8661de8 at C:\re\jdk7u80\2329\hotspot\src\share\vm\prims\jvm.cpp:1319
Event: 0.292 Thread 0x00000000022c8000 Threw 0x00000000d8665d80 at C:\re\jdk7u80\2329\hotspot\src\share\vm\prims\jvm.cpp:1319
Event: 0.293 Thread 0x00000000022c8000 Threw 0x00000000d8668cb8 at C:\re\jdk7u80\2329\hotspot\src\share\vm\prims\jvm.cpp:1319
Event: 0.294 Thread 0x00000000022c8000 Threw 0x00000000d8669ef8 at C:\re\jdk7u80\2329\hotspot\src\share\vm\prims\jvm.cpp:1319

Events (10 events):
Event: 5.631 Executing VM operation: GetOrSetLocal
Event: 5.631 Executing VM operation: GetOrSetLocal done
Event: 5.632 Executing VM operation: GetOrSetLocal
Event: 5.632 Executing VM operation: GetOrSetLocal done
Event: 5.639 loading class 0x0000000002345cb0
Event: 5.639 loading class 0x0000000002345cb0 done
Event: 5.649 loading class 0x0000000002335a00
Event: 5.649 loading class 0x0000000002335a00 done
Event: 132.207 Executing VM operation: RedefineClasses
Event: 132.207 Executing VM operation: RedefineClasses done


Dynamic libraries:
0x000000013fe10000 - 0x000000013fe43000 	E:\JDK\JDK7\JDK\bin\javaw.exe
0x0000000077140000 - 0x00000000772ea000 	C:\windows\SYSTEM32\ntdll.dll
0x0000000077020000 - 0x000000007713f000 	C:\windows\system32\kernel32.dll
0x000007fefd130000 - 0x000007fefd19a000 	C:\windows\system32\KERNELBASE.dll
0x0000000074b20000 - 0x0000000074ba9000 	C:\windows\System32\SYSFER.DLL
0x000007feff120000 - 0x000007feff1fb000 	C:\windows\system32\ADVAPI32.dll
0x000007fefd9d0000 - 0x000007fefda6f000 	C:\windows\system32\msvcrt.dll
0x000007fefd720000 - 0x000007fefd73f000 	C:\windows\SYSTEM32\sechost.dll
0x000007fefd2c0000 - 0x000007fefd3ed000 	C:\windows\system32\RPCRT4.dll
0x0000000076f20000 - 0x000000007701a000 	C:\windows\system32\USER32.dll
0x000007fefd950000 - 0x000007fefd9b7000 	C:\windows\system32\GDI32.dll
0x000007fefd9c0000 - 0x000007fefd9ce000 	C:\windows\system32\LPK.dll
0x000007feff200000 - 0x000007feff2cb000 	C:\windows\system32\USP10.dll
0x000007fefbeb0000 - 0x000007fefc0a4000 	C:\windows\WinSxS\amd64_microsoft.windows.common-controls_6595b64144ccf1df_6.0.7601.18837_none_fa3b1e3d17594757\COMCTL32.dll
0x000007feff070000 - 0x000007feff0e1000 	C:\windows\system32\SHLWAPI.dll
0x000007feff0f0000 - 0x000007feff11e000 	C:\windows\system32\IMM32.DLL
0x000007fefece0000 - 0x000007fefede9000 	C:\windows\system32\MSCTF.dll
0x000000006d630000 - 0x000000006d702000 	E:\JDK\JDK7\JDK\jre\bin\msvcr100.dll
0x000000006aa50000 - 0x000000006b229000 	E:\JDK\JDK7\JDK\jre\bin\server\jvm.dll
0x000007feecc40000 - 0x000007feecc49000 	C:\windows\system32\WSOCK32.dll
0x000007fefd270000 - 0x000007fefd2bd000 	C:\windows\system32\WS2_32.dll
0x000007fefd260000 - 0x000007fefd268000 	C:\windows\system32\NSI.dll
0x000007fefa4b0000 - 0x000007fefa4eb000 	C:\windows\system32\WINMM.dll
0x0000000077300000 - 0x0000000077307000 	C:\windows\system32\PSAPI.DLL
0x000000006aa00000 - 0x000000006aa0f000 	E:\JDK\JDK7\JDK\jre\bin\verify.dll
0x000000006a710000 - 0x000000006a738000 	E:\JDK\JDK7\JDK\jre\bin\java.dll
0x000000006d850000 - 0x000000006d885000 	E:\JDK\JDK7\JDK\jre\bin\jdwp.dll
0x00000000741a0000 - 0x00000000741a8000 	E:\JDK\JDK7\JDK\jre\bin\npt.dll
0x000000006a650000 - 0x000000006a666000 	E:\JDK\JDK7\JDK\jre\bin\zip.dll
0x0000000074120000 - 0x0000000074129000 	E:\JDK\JDK7\JDK\jre\bin\dt_socket.dll
0x000007fefaa30000 - 0x000007fefaa45000 	C:\windows\system32\NLAapi.dll
0x000007fef7d60000 - 0x000007fef7d75000 	C:\windows\system32\napinsp.dll
0x000007fef7d40000 - 0x000007fef7d59000 	C:\windows\system32\pnrpnsp.dll
0x000007fefc5d0000 - 0x000007fefc625000 	C:\windows\System32\mswsock.dll
0x000007fefc450000 - 0x000007fefc4ab000 	C:\windows\system32\DNSAPI.dll
0x000007fef7d30000 - 0x000007fef7d3b000 	C:\windows\System32\winrnr.dll
0x000007fef7d20000 - 0x000007fef7d30000 	C:\windows\system32\wshbth.dll
0x0000000071a20000 - 0x0000000071a46000 	C:\Program Files\Bonjour\mdnsNSP.dll
0x000007fefa090000 - 0x000007fefa0b7000 	C:\windows\system32\Iphlpapi.DLL
0x000007fefa080000 - 0x000007fefa08b000 	C:\windows\system32\WINNSI.DLL
0x000007fef9f20000 - 0x000007fef9f73000 	C:\windows\System32\fwpuclnt.dll
0x000007fef7db0000 - 0x000007fef7db8000 	C:\windows\system32\rasadhlp.dll
0x000007fefbc50000 - 0x000007fefbc57000 	C:\windows\System32\wshtcpip.dll
0x000007fefa710000 - 0x000007fefa835000 	C:\windows\system32\dbghelp.dll

VM Arguments:
jvm_args: -agentlib:jdwp=transport=dt_socket,suspend=y,address=localhost:51545 -Dfile.encoding=GBK 
java_command: main.Main
Launcher Type: SUN_STANDARD

Environment Variables:
JAVA_HOME=E:\JDK\JDK7\JDK
CLASSPATH=.;E:\JDK\JDK7\JDK\lib\dt.jar;E:\JDK\JDK7\JDK\lib\tools.jar;
PATH=E:/JDK/JDK7/JDK/bin/../jre/bin/server;E:/JDK/JDK7/JDK/bin/../jre/bin;E:/JDK/JDK7/JDK/bin/../jre/lib/amd64;E:\OracleClient\Oracle;C:\Program Files\VanDyke Software\Clients\;D:\sougou\maven\apache-maven-3.5.0/bin;E:\JDK\JDK7\JDK\bin;E:\JDK\JDK7\JDK\jre\bin;C:\Program Files\Broadcom\Broadcom 802.11 Network Adapter;;C:\windows\system32;C:\windows;C:\windows\System32\Wbem;C:\windows\System32\WindowsPowerShell\v1.0\;C:\Program Files\WIDCOMM\Bluetooth Software\;C:\Program Files\WIDCOMM\Bluetooth Software\syswow64;E:\Tomcat\apache-tomcat-7.0.85\lib;E:\Tomcat\apache-tomcat-7.0.85\bin;E:\Appcan\AppCanStudioPersonalV3.3\AppCan-IDE\jre\bin\;E:\Appcan\AppCanStudioPersonalV3.3\HDK\emulator\mas\;;E:\SVN\bin;E:\Fiddler\Fiddler;E:\Eclipse\eclipse_mars;
USERNAME=Administrator
OS=Windows_NT
PROCESSOR_IDENTIFIER=Intel64 Family 6 Model 78 Stepping 3, GenuineIntel



---------------  S Y S T E M  ---------------

OS: Windows 7 , 64 bit Build 7601 Service Pack 1

CPU:total 4 (2 cores per cpu, 2 threads per core) family 6 model 78 stepping 3, cmov, cx8, fxsr, mmx, sse, sse2, sse3, ssse3, sse4.1, sse4.2, popcnt, avx, avx2, erms, ht, tsc, tscinvbit

Memory: 4k page, physical 7802232k(2773212k free), swap 15602604k(6824180k free)

vm_info: Java HotSpot(TM) 64-Bit Server VM (24.80-b11) for windows-amd64 JRE (1.7.0_80-b15), built on Apr 10 2015 11:26:34 by "java_re" with unknown MS VC++:1600

time: Mon May 21 16:06:59 2018
elapsed time: 132 seconds

